Starting WordNet import process...
Reading data.noun...
(node:1979) [DEP0040] DeprecationWarning: The `punycode` module is deprecated. Please use a userland alternative instead.
(Use `node --trace-deprecation ...` to show where the warning was created)
  Processed 5000 lines from data.noun
  Processed 10000 lines from data.noun
  Processed 15000 lines from data.noun
  Processed 20000 lines from data.noun
  Processed 25000 lines from data.noun
  Processed 30000 lines from data.noun
  Processed 35000 lines from data.noun
  Processed 40000 lines from data.noun
  Processed 45000 lines from data.noun
  Processed 50000 lines from data.noun
  Processed 55000 lines from data.noun
  Processed 60000 lines from data.noun
  Processed 65000 lines from data.noun
  Processed 70000 lines from data.noun
  Processed 75000 lines from data.noun
  Processed 80000 lines from data.noun
Finished reading data.noun: 82192 lines
Reading data.verb...
  Processed 5000 lines from data.verb
  Processed 10000 lines from data.verb
Finished reading data.verb: 13789 lines
Reading data.adj...
  Processed 5000 lines from data.adj
  Processed 10000 lines from data.adj
  Processed 15000 lines from data.adj
Finished reading data.adj: 18185 lines
Reading data.adv...
Finished reading data.adv: 3625 lines
Reading index.sense file...
  Processed 10000 lines from index.sense
  Processed 20000 lines from index.sense
  Processed 30000 lines from index.sense
  Processed 40000 lines from index.sense
  Processed 50000 lines from index.sense
  Processed 60000 lines from index.sense
  Processed 70000 lines from index.sense
  Processed 80000 lines from index.sense
  Processed 90000 lines from index.sense
  Processed 100000 lines from index.sense
  Processed 110000 lines from index.sense
  Processed 120000 lines from index.sense
  Processed 130000 lines from index.sense
  Processed 140000 lines from index.sense
  Processed 150000 lines from index.sense
  Processed 160000 lines from index.sense
  Processed 170000 lines from index.sense
  Processed 180000 lines from index.sense
  Processed 190000 lines from index.sense
  Processed 200000 lines from index.sense
Finished reading index.sense: 207235 lines
Analyzing word-synset duplicates...
Found 37 unique word-synset pairs with duplicates
Sample of duplicate word-synset pairs:
  "ddc" -> n03195447:
    Duplicate #1: sense_number=1, tag_count=0
    Duplicate #2: sense_number=1, tag_count=0
  "ddi" -> n03195581:
    Duplicate #1: sense_number=1, tag_count=0
    Duplicate #2: sense_number=1, tag_count=0
  "a" -> n06844227:
    Duplicate #1: sense_number=1, tag_count=0
    Duplicate #2: sense_number=1, tag_count=0
  "b" -> n06844334:
    Duplicate #1: sense_number=1, tag_count=0
    Duplicate #2: sense_number=1, tag_count=0
  "c" -> n06844441:
    Duplicate #1: sense_number=1, tag_count=0
    Duplicate #2: sense_number=1, tag_count=0
Detailed duplicate analysis saved to wordnet-duplicate-analysis.json
Error importing WordNet data: RangeError: Maximum call stack size exceeded
    at main (/Users/sandeep.joshi/Documents/vibecoding/oneword/scripts/import-wordnet.js:537:17)
    at process.processTicksAndRejections (node:internal/process/task_queues:105:5)
