[2025-03-07T16:37:05.722Z] Starting WordNet relationships import (final version)...
[2025-03-07T16:37:05.723Z] Fetching all valid synset IDs from the database...
[2025-03-07T16:37:05.723Z] Fetching synsets from index 0 to 9999...
[2025-03-07T16:37:06.496Z] Fetched 1000 synsets so far...
[2025-03-07T16:37:06.597Z] Fetching synsets from index 1000 to 10999...
[2025-03-07T16:37:06.895Z] Fetched 2000 synsets so far...
[2025-03-07T16:37:06.997Z] Fetching synsets from index 2000 to 11999...
[2025-03-07T16:37:07.847Z] Fetched 3000 synsets so far...
[2025-03-07T16:37:07.949Z] Fetching synsets from index 3000 to 12999...
[2025-03-07T16:37:08.257Z] Fetched 4000 synsets so far...
[2025-03-07T16:37:08.358Z] Fetching synsets from index 4000 to 13999...
[2025-03-07T16:37:08.666Z] Fetched 5000 synsets so far...
[2025-03-07T16:37:08.768Z] Fetching synsets from index 5000 to 14999...
[2025-03-07T16:37:09.076Z] Fetched 6000 synsets so far...
[2025-03-07T16:37:09.177Z] Fetching synsets from index 6000 to 15999...
[2025-03-07T16:37:09.487Z] Fetched 7000 synsets so far...
[2025-03-07T16:37:09.589Z] Fetching synsets from index 7000 to 16999...
[2025-03-07T16:37:10.001Z] Fetched 8000 synsets so far...
[2025-03-07T16:37:10.102Z] Fetching synsets from index 8000 to 17999...
[2025-03-07T16:37:10.414Z] Fetched 9000 synsets so far...
[2025-03-07T16:37:10.515Z] Fetching synsets from index 9000 to 18999...
[2025-03-07T16:37:10.923Z] Fetched 10000 synsets so far...
[2025-03-07T16:37:11.024Z] Fetching synsets from index 10000 to 19999...
[2025-03-07T16:37:11.330Z] Fetched 11000 synsets so far...
[2025-03-07T16:37:11.431Z] Fetching synsets from index 11000 to 20999...
[2025-03-07T16:37:11.744Z] Fetched 12000 synsets so far...
[2025-03-07T16:37:11.845Z] Fetching synsets from index 12000 to 21999...
[2025-03-07T16:37:12.151Z] Fetched 13000 synsets so far...
[2025-03-07T16:37:12.252Z] Fetching synsets from index 13000 to 22999...
[2025-03-07T16:37:12.559Z] Fetched 14000 synsets so far...
[2025-03-07T16:37:12.661Z] Fetching synsets from index 14000 to 23999...
[2025-03-07T16:37:12.970Z] Fetched 15000 synsets so far...
[2025-03-07T16:37:13.071Z] Fetching synsets from index 15000 to 24999...
[2025-03-07T16:37:13.379Z] Fetched 16000 synsets so far...
[2025-03-07T16:37:13.481Z] Fetching synsets from index 16000 to 25999...
[2025-03-07T16:37:13.788Z] Fetched 17000 synsets so far...
[2025-03-07T16:37:13.890Z] Fetching synsets from index 17000 to 26999...
[2025-03-07T16:37:14.199Z] Fetched 18000 synsets so far...
[2025-03-07T16:37:14.301Z] Fetching synsets from index 18000 to 27999...
[2025-03-07T16:37:14.711Z] Fetched 19000 synsets so far...
[2025-03-07T16:37:14.813Z] Fetching synsets from index 19000 to 28999...
[2025-03-07T16:37:15.119Z] Fetched 20000 synsets so far...
[2025-03-07T16:37:15.221Z] Fetching synsets from index 20000 to 29999...
[2025-03-07T16:37:15.514Z] Fetched 21000 synsets so far...
[2025-03-07T16:37:15.615Z] Fetching synsets from index 21000 to 30999...
[2025-03-07T16:37:15.906Z] Fetched 22000 synsets so far...
[2025-03-07T16:37:16.008Z] Fetching synsets from index 22000 to 31999...
[2025-03-07T16:37:16.300Z] Fetched 23000 synsets so far...
[2025-03-07T16:37:16.402Z] Fetching synsets from index 23000 to 32999...
[2025-03-07T16:37:16.685Z] Fetched 24000 synsets so far...
[2025-03-07T16:37:16.786Z] Fetching synsets from index 24000 to 33999...
[2025-03-07T16:37:17.074Z] Fetched 25000 synsets so far...
[2025-03-07T16:37:17.175Z] Fetching synsets from index 25000 to 34999...
[2025-03-07T16:37:17.470Z] Fetched 26000 synsets so far...
[2025-03-07T16:37:17.571Z] Fetching synsets from index 26000 to 35999...
[2025-03-07T16:37:17.859Z] Fetched 27000 synsets so far...
[2025-03-07T16:37:17.961Z] Fetching synsets from index 27000 to 36999...
[2025-03-07T16:37:18.245Z] Fetched 28000 synsets so far...
[2025-03-07T16:37:18.346Z] Fetching synsets from index 28000 to 37999...
[2025-03-07T16:37:18.634Z] Fetched 29000 synsets so far...
[2025-03-07T16:37:18.736Z] Fetching synsets from index 29000 to 38999...
[2025-03-07T16:37:19.020Z] Fetched 30000 synsets so far...
[2025-03-07T16:37:19.121Z] Fetching synsets from index 30000 to 39999...
[2025-03-07T16:37:19.401Z] Fetched 31000 synsets so far...
[2025-03-07T16:37:19.503Z] Fetching synsets from index 31000 to 40999...
[2025-03-07T16:37:19.829Z] Fetched 32000 synsets so far...
[2025-03-07T16:37:19.931Z] Fetching synsets from index 32000 to 41999...
[2025-03-07T16:37:20.322Z] Fetched 33000 synsets so far...
[2025-03-07T16:37:20.424Z] Fetching synsets from index 33000 to 42999...
[2025-03-07T16:37:20.755Z] Fetched 34000 synsets so far...
[2025-03-07T16:37:20.856Z] Fetching synsets from index 34000 to 43999...
[2025-03-07T16:37:21.263Z] Fetched 35000 synsets so far...
[2025-03-07T16:37:21.363Z] Fetching synsets from index 35000 to 44999...
[2025-03-07T16:37:21.658Z] Fetched 36000 synsets so far...
[2025-03-07T16:37:21.758Z] Fetching synsets from index 36000 to 45999...
[2025-03-07T16:37:22.053Z] Fetched 37000 synsets so far...
[2025-03-07T16:37:22.154Z] Fetching synsets from index 37000 to 46999...
[2025-03-07T16:37:22.437Z] Fetched 38000 synsets so far...
[2025-03-07T16:37:22.537Z] Fetching synsets from index 38000 to 47999...
[2025-03-07T16:37:22.819Z] Fetched 39000 synsets so far...
[2025-03-07T16:37:22.920Z] Fetching synsets from index 39000 to 48999...
[2025-03-07T16:37:23.203Z] Fetched 40000 synsets so far...
[2025-03-07T16:37:23.304Z] Fetching synsets from index 40000 to 49999...
[2025-03-07T16:37:23.722Z] Fetched 41000 synsets so far...
[2025-03-07T16:37:23.823Z] Fetching synsets from index 41000 to 50999...
[2025-03-07T16:37:24.130Z] Fetched 42000 synsets so far...
[2025-03-07T16:37:24.232Z] Fetching synsets from index 42000 to 51999...
[2025-03-07T16:37:24.538Z] Fetched 43000 synsets so far...
[2025-03-07T16:37:24.639Z] Fetching synsets from index 43000 to 52999...
[2025-03-07T16:37:24.923Z] Fetched 44000 synsets so far...
[2025-03-07T16:37:25.024Z] Fetching synsets from index 44000 to 53999...
[2025-03-07T16:37:25.319Z] Fetched 45000 synsets so far...
[2025-03-07T16:37:25.420Z] Fetching synsets from index 45000 to 54999...
[2025-03-07T16:37:25.704Z] Fetched 46000 synsets so far...
[2025-03-07T16:37:25.806Z] Fetching synsets from index 46000 to 55999...
[2025-03-07T16:37:26.089Z] Fetched 47000 synsets so far...
[2025-03-07T16:37:26.190Z] Fetching synsets from index 47000 to 56999...
[2025-03-07T16:37:26.483Z] Fetched 48000 synsets so far...
[2025-03-07T16:37:26.584Z] Fetching synsets from index 48000 to 57999...
[2025-03-07T16:37:26.867Z] Fetched 49000 synsets so far...
[2025-03-07T16:37:26.968Z] Fetching synsets from index 49000 to 58999...
[2025-03-07T16:37:27.308Z] Fetched 50000 synsets so far...
[2025-03-07T16:37:27.409Z] Fetching synsets from index 50000 to 59999...
[2025-03-07T16:37:27.712Z] Fetched 51000 synsets so far...
[2025-03-07T16:37:27.814Z] Fetching synsets from index 51000 to 60999...
[2025-03-07T16:37:28.124Z] Fetched 52000 synsets so far...
[2025-03-07T16:37:28.226Z] Fetching synsets from index 52000 to 61999...
[2025-03-07T16:37:28.541Z] Fetched 53000 synsets so far...
[2025-03-07T16:37:28.643Z] Fetching synsets from index 53000 to 62999...
[2025-03-07T16:37:28.946Z] Fetched 54000 synsets so far...
[2025-03-07T16:37:29.048Z] Fetching synsets from index 54000 to 63999...
[2025-03-07T16:37:29.357Z] Fetched 55000 synsets so far...
[2025-03-07T16:37:29.459Z] Fetching synsets from index 55000 to 64999...
[2025-03-07T16:37:29.871Z] Fetched 56000 synsets so far...
[2025-03-07T16:37:29.973Z] Fetching synsets from index 56000 to 65999...
[2025-03-07T16:37:30.277Z] Fetched 57000 synsets so far...
[2025-03-07T16:37:30.378Z] Fetching synsets from index 57000 to 66999...
[2025-03-07T16:37:30.682Z] Fetched 58000 synsets so far...
[2025-03-07T16:37:30.783Z] Fetching synsets from index 58000 to 67999...
[2025-03-07T16:37:31.094Z] Fetched 59000 synsets so far...
[2025-03-07T16:37:31.195Z] Fetching synsets from index 59000 to 68999...
[2025-03-07T16:37:31.506Z] Fetched 60000 synsets so far...
[2025-03-07T16:37:31.607Z] Fetching synsets from index 60000 to 69999...
[2025-03-07T16:37:31.917Z] Fetched 61000 synsets so far...
[2025-03-07T16:37:32.018Z] Fetching synsets from index 61000 to 70999...
[2025-03-07T16:37:32.305Z] Fetched 62000 synsets so far...
[2025-03-07T16:37:32.407Z] Fetching synsets from index 62000 to 71999...
[2025-03-07T16:37:32.733Z] Fetched 63000 synsets so far...
[2025-03-07T16:37:32.834Z] Fetching synsets from index 63000 to 72999...
[2025-03-07T16:37:33.146Z] Fetched 64000 synsets so far...
[2025-03-07T16:37:33.247Z] Fetching synsets from index 64000 to 73999...
[2025-03-07T16:37:33.550Z] Fetched 65000 synsets so far...
[2025-03-07T16:37:33.652Z] Fetching synsets from index 65000 to 74999...
[2025-03-07T16:37:34.070Z] Fetched 66000 synsets so far...
[2025-03-07T16:37:34.172Z] Fetching synsets from index 66000 to 75999...
[2025-03-07T16:37:34.578Z] Fetched 67000 synsets so far...
[2025-03-07T16:37:34.680Z] Fetching synsets from index 67000 to 76999...
[2025-03-07T16:37:34.987Z] Fetched 68000 synsets so far...
[2025-03-07T16:37:35.088Z] Fetching synsets from index 68000 to 77999...
[2025-03-07T16:37:35.500Z] Fetched 69000 synsets so far...
[2025-03-07T16:37:35.602Z] Fetching synsets from index 69000 to 78999...
[2025-03-07T16:37:35.904Z] Fetched 70000 synsets so far...
[2025-03-07T16:37:36.005Z] Fetching synsets from index 70000 to 79999...
[2025-03-07T16:37:36.297Z] Fetched 71000 synsets so far...
[2025-03-07T16:37:36.398Z] Fetching synsets from index 71000 to 80999...
[2025-03-07T16:37:36.700Z] Fetched 72000 synsets so far...
[2025-03-07T16:37:36.801Z] Fetching synsets from index 72000 to 81999...
[2025-03-07T16:37:37.096Z] Fetched 73000 synsets so far...
[2025-03-07T16:37:37.198Z] Fetching synsets from index 73000 to 82999...
[2025-03-07T16:37:37.557Z] Fetched 74000 synsets so far...
[2025-03-07T16:37:37.658Z] Fetching synsets from index 74000 to 83999...
[2025-03-07T16:37:37.960Z] Fetched 75000 synsets so far...
[2025-03-07T16:37:38.062Z] Fetching synsets from index 75000 to 84999...
[2025-03-07T16:37:38.469Z] Fetched 76000 synsets so far...
[2025-03-07T16:37:38.570Z] Fetching synsets from index 76000 to 85999...
[2025-03-07T16:37:38.889Z] Fetched 77000 synsets so far...
[2025-03-07T16:37:38.990Z] Fetching synsets from index 77000 to 86999...
[2025-03-07T16:37:39.289Z] Fetched 78000 synsets so far...
[2025-03-07T16:37:39.389Z] Fetching synsets from index 78000 to 87999...
[2025-03-07T16:37:39.693Z] Fetched 79000 synsets so far...
[2025-03-07T16:37:39.794Z] Fetching synsets from index 79000 to 88999...
[2025-03-07T16:37:40.087Z] Fetched 80000 synsets so far...
[2025-03-07T16:37:40.188Z] Fetching synsets from index 80000 to 89999...
[2025-03-07T16:37:40.477Z] Fetched 81000 synsets so far...
[2025-03-07T16:37:40.579Z] Fetching synsets from index 81000 to 90999...
[2025-03-07T16:37:40.867Z] Fetched 82000 synsets so far...
[2025-03-07T16:37:40.969Z] Fetching synsets from index 82000 to 91999...
[2025-03-07T16:37:41.256Z] Fetched 83000 synsets so far...
[2025-03-07T16:37:41.358Z] Fetching synsets from index 83000 to 92999...
[2025-03-07T16:37:41.746Z] Fetched 84000 synsets so far...
[2025-03-07T16:37:41.848Z] Fetching synsets from index 84000 to 93999...
[2025-03-07T16:37:42.139Z] Fetched 85000 synsets so far...
[2025-03-07T16:37:42.241Z] Fetching synsets from index 85000 to 94999...
[2025-03-07T16:37:42.565Z] Fetched 86000 synsets so far...
[2025-03-07T16:37:42.666Z] Fetching synsets from index 86000 to 95999...
[2025-03-07T16:37:43.077Z] Fetched 87000 synsets so far...
[2025-03-07T16:37:43.178Z] Fetching synsets from index 87000 to 96999...
[2025-03-07T16:37:43.632Z] Fetched 88000 synsets so far...
[2025-03-07T16:37:43.733Z] Fetching synsets from index 88000 to 97999...
[2025-03-07T16:37:44.102Z] Fetched 89000 synsets so far...
[2025-03-07T16:37:44.204Z] Fetching synsets from index 89000 to 98999...
[2025-03-07T16:37:44.614Z] Fetched 90000 synsets so far...
[2025-03-07T16:37:44.716Z] Fetching synsets from index 90000 to 99999...
[2025-03-07T16:37:45.024Z] Fetched 91000 synsets so far...
[2025-03-07T16:37:45.125Z] Fetching synsets from index 91000 to 100999...
[2025-03-07T16:37:45.535Z] Fetched 92000 synsets so far...
[2025-03-07T16:37:45.636Z] Fetching synsets from index 92000 to 101999...
[2025-03-07T16:37:46.056Z] Fetched 93000 synsets so far...
[2025-03-07T16:37:46.157Z] Fetching synsets from index 93000 to 102999...
[2025-03-07T16:37:46.560Z] Fetched 94000 synsets so far...
[2025-03-07T16:37:46.662Z] Fetching synsets from index 94000 to 103999...
[2025-03-07T16:37:46.968Z] Fetched 95000 synsets so far...
[2025-03-07T16:37:47.069Z] Fetching synsets from index 95000 to 104999...
[2025-03-07T16:37:47.375Z] Fetched 96000 synsets so far...
[2025-03-07T16:37:47.476Z] Fetching synsets from index 96000 to 105999...
[2025-03-07T16:37:47.788Z] Fetched 97000 synsets so far...
[2025-03-07T16:37:47.889Z] Fetching synsets from index 97000 to 106999...
[2025-03-07T16:37:48.199Z] Fetched 98000 synsets so far...
[2025-03-07T16:37:48.301Z] Fetching synsets from index 98000 to 107999...
[2025-03-07T16:37:48.711Z] Fetched 99000 synsets so far...
[2025-03-07T16:37:48.813Z] Fetching synsets from index 99000 to 108999...
[2025-03-07T16:37:49.120Z] Fetched 100000 synsets so far...
[2025-03-07T16:37:49.221Z] Fetching synsets from index 100000 to 109999...
[2025-03-07T16:37:49.634Z] Fetched 101000 synsets so far...
[2025-03-07T16:37:49.736Z] Fetching synsets from index 101000 to 110999...
[2025-03-07T16:37:50.143Z] Fetched 102000 synsets so far...
[2025-03-07T16:37:50.244Z] Fetching synsets from index 102000 to 111999...
[2025-03-07T16:37:50.656Z] Fetched 103000 synsets so far...
[2025-03-07T16:37:50.758Z] Fetching synsets from index 103000 to 112999...
[2025-03-07T16:37:51.168Z] Fetched 104000 synsets so far...
[2025-03-07T16:37:51.269Z] Fetching synsets from index 104000 to 113999...
[2025-03-07T16:37:51.575Z] Fetched 105000 synsets so far...
[2025-03-07T16:37:51.676Z] Fetching synsets from index 105000 to 114999...
[2025-03-07T16:37:51.963Z] Fetched 106000 synsets so far...
[2025-03-07T16:37:52.064Z] Fetching synsets from index 106000 to 115999...
[2025-03-07T16:37:52.398Z] Fetched 107000 synsets so far...
[2025-03-07T16:37:52.499Z] Fetching synsets from index 107000 to 116999...
[2025-03-07T16:37:52.792Z] Fetched 108000 synsets so far...
[2025-03-07T16:37:52.893Z] Fetching synsets from index 108000 to 117999...
[2025-03-07T16:37:53.180Z] Fetched 109000 synsets so far...
[2025-03-07T16:37:53.281Z] Fetching synsets from index 109000 to 118999...
[2025-03-07T16:37:53.585Z] Fetched 110000 synsets so far...
[2025-03-07T16:37:53.686Z] Fetching synsets from index 110000 to 119999...
[2025-03-07T16:37:54.134Z] Fetched 111000 synsets so far...
[2025-03-07T16:37:54.236Z] Fetching synsets from index 111000 to 120999...
[2025-03-07T16:37:54.650Z] Fetched 112000 synsets so far...
[2025-03-07T16:37:54.751Z] Fetching synsets from index 112000 to 121999...
[2025-03-07T16:37:55.158Z] Fetched 113000 synsets so far...
[2025-03-07T16:37:55.259Z] Fetching synsets from index 113000 to 122999...
[2025-03-07T16:37:55.673Z] Fetched 114000 synsets so far...
[2025-03-07T16:37:55.774Z] Fetching synsets from index 114000 to 123999...
[2025-03-07T16:37:56.199Z] Fetched 115000 synsets so far...
[2025-03-07T16:37:56.300Z] Fetching synsets from index 115000 to 124999...
[2025-03-07T16:37:56.699Z] Fetched 116000 synsets so far...
[2025-03-07T16:37:56.801Z] Fetching synsets from index 116000 to 125999...
[2025-03-07T16:37:57.210Z] Fetched 117000 synsets so far...
[2025-03-07T16:37:57.311Z] Fetching synsets from index 117000 to 126999...
[2025-03-07T16:37:57.720Z] Fetched 117791 synsets so far...
[2025-03-07T16:37:57.822Z] Fetching synsets from index 117791 to 127790...
[2025-03-07T16:37:58.227Z] Fetched 117791 valid synset IDs.
[2025-03-07T16:37:58.228Z] Ready to import relationships with 117791 valid synsets.
[2025-03-07T16:37:58.228Z] Clearing relationships table...
[2025-03-07T16:37:58.635Z] Relationships table cleared successfully.
[2025-03-07T16:37:58.635Z] Processing noun data file...
[2025-03-07T16:37:58.635Z] Processing data.noun...
[2025-03-07T16:37:58.656Z] Processed 10000 lines in data.noun
[2025-03-07T16:37:58.669Z] Processed 20000 lines in data.noun
[2025-03-07T16:37:58.680Z] Processed 30000 lines in data.noun
[2025-03-07T16:37:58.691Z] Processed 40000 lines in data.noun
[2025-03-07T16:37:58.703Z] Processed 50000 lines in data.noun
[2025-03-07T16:37:58.713Z] Processed 60000 lines in data.noun
[2025-03-07T16:37:58.724Z] Processed 70000 lines in data.noun
[2025-03-07T16:37:58.733Z] Processed 80000 lines in data.noun
[2025-03-07T16:37:58.736Z] Found and processed 0 relationships in data.noun (82221 lines)
[2025-03-07T16:37:58.736Z] Processing verb data file...
[2025-03-07T16:37:58.736Z] Processing data.verb...
[2025-03-07T16:37:58.748Z] Processed 10000 lines in data.verb
[2025-03-07T16:37:58.752Z] Found and processed 0 relationships in data.verb (13818 lines)
[2025-03-07T16:37:58.752Z] Processing adjective data file...
[2025-03-07T16:37:58.752Z] Processing data.adj...
[2025-03-07T16:37:58.765Z] Processed 10000 lines in data.adj
[2025-03-07T16:37:58.774Z] Found and processed 0 relationships in data.adj (18214 lines)
[2025-03-07T16:37:58.774Z] Processing adverb data file...
[2025-03-07T16:37:58.774Z] Processing data.adv...
[2025-03-07T16:37:58.778Z] Found and processed 0 relationships in data.adv (3654 lines)
[2025-03-07T16:37:58.778Z] 
Relationship import summary:
[2025-03-07T16:37:58.778Z] - noun relationships: 0
[2025-03-07T16:37:58.778Z] - verb relationships: 0
[2025-03-07T16:37:58.778Z] - adjective relationships: 0
[2025-03-07T16:37:58.778Z] - adverb relationships: 0
[2025-03-07T16:37:58.778Z] 
Total relationships imported: 0
[2025-03-07T16:37:58.778Z] WordNet relationships import completed successfully!
