Starting WordNet relationships import...
Processing data.noun...
Found 1117 relationships in data.noun
(node:3683) [DEP0040] DeprecationWarning: The `punycode` module is deprecated. Please use a userland alternative instead.
(Use `node --trace-deprecation ...` to show where the warning was created)
Extracted 1117 noun relationships
Processing data.verb...
Found 1417 relationships in data.verb
Extracted 1417 verb relationships
Processing data.adj...
Found 48 relationships in data.adj
Extracted 48 adjective relationships
Processing data.adv...
Found 1 relationships in data.adv
Extracted 1 adverb relationships
Total relationships found: 2583
Inserting 2583 records into relationships...
Filtered out 81 duplicate relationships
  Inserting batch 1 of 1 (2502 records)
Error inserting batch into relationships: {
  code: '23503',
  details: 'Key (to_synset_id)=(a00199483) is not present in table "synsets".',
  hint: null,
  message: 'insert or update on table "relationships" violates foreign key constraint "relationships_to_synset_id_fkey"'
}
Progress: 2502 / 2502 records (100%)
Finished inserting into relationships
WordNet relationships import completed successfully!
Inserted 2502 unique relationships.
[2025-03-07T16:29:39.163Z] Starting WordNet relationships import...
[2025-03-07T16:29:39.165Z] Fetching all valid synset IDs from the database...
[2025-03-07T16:29:39.165Z] Fetching synsets from index 0 to 9999...
[2025-03-07T16:29:43.232Z] Fetched 1000 synsets so far...
[2025-03-07T16:29:43.334Z] Fetching synsets from index 1000 to 10999...
[2025-03-07T16:29:43.639Z] Fetched 2000 synsets so far...
[2025-03-07T16:29:43.741Z] Fetching synsets from index 2000 to 11999...
[2025-03-07T16:29:44.523Z] Fetched 3000 synsets so far...
[2025-03-07T16:29:44.624Z] Fetching synsets from index 3000 to 12999...
[2025-03-07T16:29:44.911Z] Fetched 4000 synsets so far...
[2025-03-07T16:29:45.013Z] Fetching synsets from index 4000 to 13999...
[2025-03-07T16:29:45.323Z] Fetched 5000 synsets so far...
[2025-03-07T16:29:45.425Z] Fetching synsets from index 5000 to 14999...
[2025-03-07T16:29:45.712Z] Fetched 6000 synsets so far...
[2025-03-07T16:29:45.813Z] Fetching synsets from index 6000 to 15999...
[2025-03-07T16:29:46.200Z] Fetched 7000 synsets so far...
[2025-03-07T16:29:46.302Z] Fetching synsets from index 7000 to 16999...
[2025-03-07T16:29:46.596Z] Fetched 8000 synsets so far...
[2025-03-07T16:29:46.696Z] Fetching synsets from index 8000 to 17999...
[2025-03-07T16:29:47.014Z] Fetched 9000 synsets so far...
[2025-03-07T16:29:47.114Z] Fetching synsets from index 9000 to 18999...
[2025-03-07T16:29:47.404Z] Fetched 10000 synsets so far...
[2025-03-07T16:29:47.506Z] Fetching synsets from index 10000 to 19999...
[2025-03-07T16:29:47.796Z] Fetched 11000 synsets so far...
[2025-03-07T16:29:47.896Z] Fetching synsets from index 11000 to 20999...
[2025-03-07T16:29:48.196Z] Fetched 12000 synsets so far...
[2025-03-07T16:29:48.297Z] Fetching synsets from index 12000 to 21999...
[2025-03-07T16:29:48.596Z] Fetched 13000 synsets so far...
[2025-03-07T16:29:48.697Z] Fetching synsets from index 13000 to 22999...
[2025-03-07T16:29:49.062Z] Fetched 14000 synsets so far...
[2025-03-07T16:29:49.163Z] Fetching synsets from index 14000 to 23999...
[2025-03-07T16:29:49.456Z] Fetched 15000 synsets so far...
[2025-03-07T16:29:49.557Z] Fetching synsets from index 15000 to 24999...
[2025-03-07T16:29:49.834Z] Fetched 16000 synsets so far...
[2025-03-07T16:29:49.935Z] Fetching synsets from index 16000 to 25999...
[2025-03-07T16:29:50.219Z] Fetched 17000 synsets so far...
[2025-03-07T16:29:50.319Z] Fetching synsets from index 17000 to 26999...
[2025-03-07T16:29:50.695Z] Fetched 18000 synsets so far...
[2025-03-07T16:29:50.796Z] Fetching synsets from index 18000 to 27999...
[2025-03-07T16:29:51.105Z] Fetched 19000 synsets so far...
[2025-03-07T16:29:51.206Z] Fetching synsets from index 19000 to 28999...
[2025-03-07T16:29:51.483Z] Fetched 20000 synsets so far...
[2025-03-07T16:29:51.585Z] Fetching synsets from index 20000 to 29999...
[2025-03-07T16:29:51.863Z] Fetched 21000 synsets so far...
[2025-03-07T16:29:51.964Z] Fetching synsets from index 21000 to 30999...
[2025-03-07T16:29:52.333Z] Fetched 22000 synsets so far...
[2025-03-07T16:29:52.435Z] Fetching synsets from index 22000 to 31999...
[2025-03-07T16:29:52.746Z] Fetched 23000 synsets so far...
[2025-03-07T16:29:52.847Z] Fetching synsets from index 23000 to 32999...
[2025-03-07T16:29:53.257Z] Fetched 24000 synsets so far...
[2025-03-07T16:29:53.359Z] Fetching synsets from index 24000 to 33999...
[2025-03-07T16:29:53.666Z] Fetched 25000 synsets so far...
[2025-03-07T16:29:53.768Z] Fetching synsets from index 25000 to 34999...
[2025-03-07T16:29:54.076Z] Fetched 26000 synsets so far...
[2025-03-07T16:29:54.177Z] Fetching synsets from index 26000 to 35999...
[2025-03-07T16:29:54.487Z] Fetched 27000 synsets so far...
[2025-03-07T16:29:54.588Z] Fetching synsets from index 27000 to 36999...
[2025-03-07T16:29:54.901Z] Fetched 28000 synsets so far...
[2025-03-07T16:29:55.002Z] Fetching synsets from index 28000 to 37999...
[2025-03-07T16:29:55.310Z] Fetched 29000 synsets so far...
[2025-03-07T16:29:55.411Z] Fetching synsets from index 29000 to 38999...
[2025-03-07T16:29:55.824Z] Fetched 30000 synsets so far...
[2025-03-07T16:29:55.925Z] Fetching synsets from index 30000 to 39999...
[2025-03-07T16:29:56.226Z] Fetched 31000 synsets so far...
[2025-03-07T16:29:56.328Z] Fetching synsets from index 31000 to 40999...
[2025-03-07T16:29:56.639Z] Fetched 32000 synsets so far...
[2025-03-07T16:29:56.740Z] Fetching synsets from index 32000 to 41999...
[2025-03-07T16:29:57.046Z] Fetched 33000 synsets so far...
[2025-03-07T16:29:57.147Z] Fetching synsets from index 33000 to 42999...
[2025-03-07T16:29:57.434Z] Fetched 34000 synsets so far...
[2025-03-07T16:29:57.535Z] Fetching synsets from index 34000 to 43999...
[2025-03-07T16:29:57.867Z] Fetched 35000 synsets so far...
[2025-03-07T16:29:57.968Z] Fetching synsets from index 35000 to 44999...
[2025-03-07T16:29:58.276Z] Fetched 36000 synsets so far...
[2025-03-07T16:29:58.377Z] Fetching synsets from index 36000 to 45999...
[2025-03-07T16:29:58.790Z] Fetched 37000 synsets so far...
[2025-03-07T16:29:58.891Z] Fetching synsets from index 37000 to 46999...
[2025-03-07T16:29:59.195Z] Fetched 38000 synsets so far...
[2025-03-07T16:29:59.297Z] Fetching synsets from index 38000 to 47999...
[2025-03-07T16:29:59.706Z] Fetched 39000 synsets so far...
[2025-03-07T16:29:59.808Z] Fetching synsets from index 39000 to 48999...
[2025-03-07T16:30:00.125Z] Fetched 40000 synsets so far...
[2025-03-07T16:30:00.226Z] Fetching synsets from index 40000 to 49999...
[2025-03-07T16:30:00.527Z] Fetched 41000 synsets so far...
[2025-03-07T16:30:00.628Z] Fetching synsets from index 41000 to 50999...
[2025-03-07T16:30:01.044Z] Fetched 42000 synsets so far...
[2025-03-07T16:30:01.146Z] Fetching synsets from index 42000 to 51999...
[2025-03-07T16:30:01.480Z] Fetched 43000 synsets so far...
[2025-03-07T16:30:01.582Z] Fetching synsets from index 43000 to 52999...
[2025-03-07T16:30:01.964Z] Fetched 44000 synsets so far...
[2025-03-07T16:30:02.065Z] Fetching synsets from index 44000 to 53999...
[2025-03-07T16:30:02.477Z] Fetched 45000 synsets so far...
[2025-03-07T16:30:02.578Z] Fetching synsets from index 45000 to 54999...
[2025-03-07T16:30:02.986Z] Fetched 46000 synsets so far...
[2025-03-07T16:30:03.088Z] Fetching synsets from index 46000 to 55999...
[2025-03-07T16:30:03.497Z] Fetched 47000 synsets so far...
[2025-03-07T16:30:03.598Z] Fetching synsets from index 47000 to 56999...
[2025-03-07T16:30:03.909Z] Fetched 48000 synsets so far...
[2025-03-07T16:30:04.010Z] Fetching synsets from index 48000 to 57999...
[2025-03-07T16:30:04.419Z] Fetched 49000 synsets so far...
[2025-03-07T16:30:04.521Z] Fetching synsets from index 49000 to 58999...
[2025-03-07T16:30:04.831Z] Fetched 50000 synsets so far...
[2025-03-07T16:30:04.933Z] Fetching synsets from index 50000 to 59999...
[2025-03-07T16:30:05.542Z] Fetched 51000 synsets so far...
[2025-03-07T16:30:05.643Z] Fetching synsets from index 51000 to 60999...
[2025-03-07T16:30:05.936Z] Fetched 52000 synsets so far...
[2025-03-07T16:30:06.037Z] Fetching synsets from index 52000 to 61999...
[2025-03-07T16:30:06.312Z] Fetched 53000 synsets so far...
[2025-03-07T16:30:06.413Z] Fetching synsets from index 53000 to 62999...
[2025-03-07T16:30:06.695Z] Fetched 54000 synsets so far...
[2025-03-07T16:30:06.797Z] Fetching synsets from index 54000 to 63999...
[2025-03-07T16:30:07.185Z] Fetched 55000 synsets so far...
[2025-03-07T16:30:07.285Z] Fetching synsets from index 55000 to 64999...
[2025-03-07T16:30:07.581Z] Fetched 56000 synsets so far...
[2025-03-07T16:30:07.683Z] Fetching synsets from index 56000 to 65999...
[2025-03-07T16:30:07.993Z] Fetched 57000 synsets so far...
[2025-03-07T16:30:08.094Z] Fetching synsets from index 57000 to 66999...
[2025-03-07T16:30:08.392Z] Fetched 58000 synsets so far...
[2025-03-07T16:30:08.493Z] Fetching synsets from index 58000 to 67999...
[2025-03-07T16:30:08.898Z] Fetched 59000 synsets so far...
[2025-03-07T16:30:08.998Z] Fetching synsets from index 59000 to 68999...
[2025-03-07T16:30:09.290Z] Fetched 60000 synsets so far...
[2025-03-07T16:30:09.392Z] Fetching synsets from index 60000 to 69999...
[2025-03-07T16:30:09.696Z] Fetched 61000 synsets so far...
[2025-03-07T16:30:09.799Z] Fetching synsets from index 61000 to 70999...
[2025-03-07T16:30:10.090Z] Fetched 62000 synsets so far...
[2025-03-07T16:30:10.191Z] Fetching synsets from index 62000 to 71999...
[2025-03-07T16:30:10.472Z] Fetched 63000 synsets so far...
[2025-03-07T16:30:10.572Z] Fetching synsets from index 63000 to 72999...
[2025-03-07T16:30:10.855Z] Fetched 64000 synsets so far...
[2025-03-07T16:30:10.957Z] Fetching synsets from index 64000 to 73999...
[2025-03-07T16:30:11.247Z] Fetched 65000 synsets so far...
[2025-03-07T16:30:11.349Z] Fetching synsets from index 65000 to 74999...
[2025-03-07T16:30:11.692Z] Fetched 66000 synsets so far...
[2025-03-07T16:30:11.794Z] Fetching synsets from index 66000 to 75999...
[2025-03-07T16:30:12.085Z] Fetched 67000 synsets so far...
[2025-03-07T16:30:12.186Z] Fetching synsets from index 67000 to 76999...
[2025-03-07T16:30:12.488Z] Fetched 68000 synsets so far...
[2025-03-07T16:30:12.590Z] Fetching synsets from index 68000 to 77999...
[2025-03-07T16:30:12.918Z] Fetched 69000 synsets so far...
[2025-03-07T16:30:13.019Z] Fetching synsets from index 69000 to 78999...
[2025-03-07T16:30:13.303Z] Fetched 70000 synsets so far...
[2025-03-07T16:30:13.405Z] Fetching synsets from index 70000 to 79999...
[2025-03-07T16:30:13.705Z] Fetched 71000 synsets so far...
[2025-03-07T16:30:13.806Z] Fetching synsets from index 71000 to 80999...
[2025-03-07T16:30:14.145Z] Fetched 72000 synsets so far...
[2025-03-07T16:30:14.245Z] Fetching synsets from index 72000 to 81999...
[2025-03-07T16:30:14.544Z] Fetched 73000 synsets so far...
[2025-03-07T16:30:14.645Z] Fetching synsets from index 73000 to 82999...
[2025-03-07T16:30:14.966Z] Fetched 74000 synsets so far...
[2025-03-07T16:30:15.067Z] Fetching synsets from index 74000 to 83999...
[2025-03-07T16:30:15.383Z] Fetched 75000 synsets so far...
[2025-03-07T16:30:15.485Z] Fetching synsets from index 75000 to 84999...
[2025-03-07T16:30:15.772Z] Fetched 76000 synsets so far...
[2025-03-07T16:30:15.871Z] Fetching synsets from index 76000 to 85999...
[2025-03-07T16:30:16.158Z] Fetched 77000 synsets so far...
[2025-03-07T16:30:16.257Z] Fetching synsets from index 77000 to 86999...
[2025-03-07T16:30:16.555Z] Fetched 78000 synsets so far...
[2025-03-07T16:30:16.657Z] Fetching synsets from index 78000 to 87999...
[2025-03-07T16:30:16.963Z] Fetched 79000 synsets so far...
[2025-03-07T16:30:17.064Z] Fetching synsets from index 79000 to 88999...
[2025-03-07T16:30:17.354Z] Fetched 80000 synsets so far...
[2025-03-07T16:30:17.456Z] Fetching synsets from index 80000 to 89999...
[2025-03-07T16:30:17.750Z] Fetched 81000 synsets so far...
[2025-03-07T16:30:17.852Z] Fetching synsets from index 81000 to 90999...
[2025-03-07T16:30:18.145Z] Fetched 82000 synsets so far...
[2025-03-07T16:30:18.247Z] Fetching synsets from index 82000 to 91999...
[2025-03-07T16:30:18.553Z] Fetched 83000 synsets so far...
[2025-03-07T16:30:18.655Z] Fetching synsets from index 83000 to 92999...
[2025-03-07T16:30:18.954Z] Fetched 84000 synsets so far...
[2025-03-07T16:30:19.055Z] Fetching synsets from index 84000 to 93999...
[2025-03-07T16:30:19.374Z] Fetched 85000 synsets so far...
[2025-03-07T16:30:19.476Z] Fetching synsets from index 85000 to 94999...
[2025-03-07T16:30:19.786Z] Fetched 86000 synsets so far...
[2025-03-07T16:30:19.888Z] Fetching synsets from index 86000 to 95999...
[2025-03-07T16:30:20.193Z] Fetched 87000 synsets so far...
[2025-03-07T16:30:20.293Z] Fetching synsets from index 87000 to 96999...
[2025-03-07T16:30:20.600Z] Fetched 88000 synsets so far...
[2025-03-07T16:30:20.702Z] Fetching synsets from index 88000 to 97999...
[2025-03-07T16:30:21.114Z] Fetched 89000 synsets so far...
[2025-03-07T16:30:21.216Z] Fetching synsets from index 89000 to 98999...
[2025-03-07T16:30:21.525Z] Fetched 90000 synsets so far...
[2025-03-07T16:30:21.627Z] Fetching synsets from index 90000 to 99999...
[2025-03-07T16:30:22.036Z] Fetched 91000 synsets so far...
[2025-03-07T16:30:22.138Z] Fetching synsets from index 91000 to 100999...
[2025-03-07T16:30:22.550Z] Fetched 92000 synsets so far...
[2025-03-07T16:30:22.650Z] Fetching synsets from index 92000 to 101999...
[2025-03-07T16:30:22.954Z] Fetched 93000 synsets so far...
[2025-03-07T16:30:23.056Z] Fetching synsets from index 93000 to 102999...
[2025-03-07T16:30:23.350Z] Fetched 94000 synsets so far...
[2025-03-07T16:30:23.451Z] Fetching synsets from index 94000 to 103999...
[2025-03-07T16:30:23.776Z] Fetched 95000 synsets so far...
[2025-03-07T16:30:23.878Z] Fetching synsets from index 95000 to 104999...
[2025-03-07T16:30:24.170Z] Fetched 96000 synsets so far...
[2025-03-07T16:30:24.270Z] Fetching synsets from index 96000 to 105999...
[2025-03-07T16:30:24.598Z] Fetched 97000 synsets so far...
[2025-03-07T16:30:24.700Z] Fetching synsets from index 97000 to 106999...
[2025-03-07T16:30:25.009Z] Fetched 98000 synsets so far...
[2025-03-07T16:30:25.110Z] Fetching synsets from index 98000 to 107999...
[2025-03-07T16:30:25.411Z] Fetched 99000 synsets so far...
[2025-03-07T16:30:25.511Z] Fetching synsets from index 99000 to 108999...
[2025-03-07T16:30:25.824Z] Fetched 100000 synsets so far...
[2025-03-07T16:30:25.926Z] Fetching synsets from index 100000 to 109999...
[2025-03-07T16:30:26.231Z] Fetched 101000 synsets so far...
[2025-03-07T16:30:26.332Z] Fetching synsets from index 101000 to 110999...
[2025-03-07T16:30:26.644Z] Fetched 102000 synsets so far...
[2025-03-07T16:30:26.745Z] Fetching synsets from index 102000 to 111999...
[2025-03-07T16:30:27.041Z] Fetched 103000 synsets so far...
[2025-03-07T16:30:27.143Z] Fetching synsets from index 103000 to 112999...
[2025-03-07T16:30:27.464Z] Fetched 104000 synsets so far...
[2025-03-07T16:30:27.566Z] Fetching synsets from index 104000 to 113999...
[2025-03-07T16:30:27.872Z] Fetched 105000 synsets so far...
[2025-03-07T16:30:27.974Z] Fetching synsets from index 105000 to 114999...
[2025-03-07T16:30:28.263Z] Fetched 106000 synsets so far...
[2025-03-07T16:30:28.364Z] Fetching synsets from index 106000 to 115999...
[2025-03-07T16:30:28.694Z] Fetched 107000 synsets so far...
[2025-03-07T16:30:28.796Z] Fetching synsets from index 107000 to 116999...
[2025-03-07T16:30:29.102Z] Fetched 108000 synsets so far...
[2025-03-07T16:30:29.204Z] Fetching synsets from index 108000 to 117999...
[2025-03-07T16:30:29.614Z] Fetched 109000 synsets so far...
[2025-03-07T16:30:29.716Z] Fetching synsets from index 109000 to 118999...
[2025-03-07T16:30:30.023Z] Fetched 110000 synsets so far...
[2025-03-07T16:30:30.125Z] Fetching synsets from index 110000 to 119999...
[2025-03-07T16:30:30.417Z] Fetched 111000 synsets so far...
[2025-03-07T16:30:30.517Z] Fetching synsets from index 111000 to 120999...
[2025-03-07T16:30:30.825Z] Fetched 112000 synsets so far...
[2025-03-07T16:30:30.927Z] Fetching synsets from index 112000 to 121999...
[2025-03-07T16:30:31.228Z] Fetched 113000 synsets so far...
[2025-03-07T16:30:31.330Z] Fetching synsets from index 113000 to 122999...
[2025-03-07T16:30:31.665Z] Fetched 114000 synsets so far...
[2025-03-07T16:30:31.766Z] Fetching synsets from index 114000 to 123999...
[2025-03-07T16:30:32.062Z] Fetched 115000 synsets so far...
[2025-03-07T16:30:32.163Z] Fetching synsets from index 115000 to 124999...
[2025-03-07T16:30:32.486Z] Fetched 116000 synsets so far...
[2025-03-07T16:30:32.588Z] Fetching synsets from index 116000 to 125999...
[2025-03-07T16:30:32.890Z] Fetched 117000 synsets so far...
[2025-03-07T16:30:32.992Z] Fetching synsets from index 117000 to 126999...
[2025-03-07T16:30:33.290Z] Fetched 117791 synsets so far...
[2025-03-07T16:30:33.391Z] Fetching synsets from index 117791 to 127790...
[2025-03-07T16:30:33.705Z] Fetched 117791 valid synset IDs.
[2025-03-07T16:30:33.705Z] Ready to import relationships with 117791 valid synsets.
[2025-03-07T16:30:33.706Z] Clearing relationships table...
[2025-03-07T16:30:33.993Z] Relationships table cleared successfully.
[2025-03-07T16:30:33.993Z] Processing noun data file...
[2025-03-07T16:30:33.994Z] Processing data.noun...
[2025-03-07T16:30:34.039Z] Processed 10000 lines in data.noun
[2025-03-07T16:30:34.057Z] Processed 20000 lines in data.noun
[2025-03-07T16:30:34.072Z] Processed 30000 lines in data.noun
[2025-03-07T16:30:34.086Z] Processed 40000 lines in data.noun
[2025-03-07T16:30:34.099Z] Processed 50000 lines in data.noun
[2025-03-07T16:30:34.112Z] Processed 60000 lines in data.noun
[2025-03-07T16:30:34.126Z] Processed 70000 lines in data.noun
[2025-03-07T16:30:34.138Z] Processed 80000 lines in data.noun
[2025-03-07T16:30:34.142Z] Inserting batch of 1044 relationships...
[2025-03-07T16:30:35.125Z] Successfully inserted 1044 relationships
[2025-03-07T16:30:35.125Z] Found and processed 1079 relationships in data.noun (82221 lines)
[2025-03-07T16:30:35.125Z] Processing verb data file...
[2025-03-07T16:30:35.125Z] Processing data.verb...
[2025-03-07T16:30:35.165Z] Processed 10000 lines in data.verb
[2025-03-07T16:30:35.174Z] Inserting batch of 603 relationships...
[2025-03-07T16:30:35.656Z] Successfully inserted 603 relationships
[2025-03-07T16:30:35.656Z] Found and processed 634 relationships in data.verb (13818 lines)
[2025-03-07T16:30:35.656Z] Processing adjective data file...
[2025-03-07T16:30:35.656Z] Processing data.adj...
[2025-03-07T16:30:35.686Z] Processed 10000 lines in data.adj
[2025-03-07T16:30:35.699Z] Inserting batch of 43 relationships...
[2025-03-07T16:30:36.007Z] Successfully inserted 43 relationships
[2025-03-07T16:30:36.008Z] Found and processed 48 relationships in data.adj (18214 lines)
[2025-03-07T16:30:36.008Z] Processing adverb data file...
[2025-03-07T16:30:36.008Z] Processing data.adv...
[2025-03-07T16:30:36.020Z] Inserting batch of 1 relationships...
[2025-03-07T16:30:36.302Z] Successfully inserted 1 relationships
[2025-03-07T16:30:36.302Z] Found and processed 1 relationships in data.adv (3654 lines)
[2025-03-07T16:30:36.302Z] 
Relationship import summary:
[2025-03-07T16:30:36.302Z] - noun relationships: 1079
[2025-03-07T16:30:36.302Z] - verb relationships: 634
[2025-03-07T16:30:36.302Z] - adjective relationships: 48
[2025-03-07T16:30:36.302Z] - adverb relationships: 1
[2025-03-07T16:30:36.302Z] 
Total relationships imported: 1762
[2025-03-07T16:30:36.302Z] WordNet relationships import completed successfully!
