[2025-03-07T16:44:41.628Z] Starting WordNet relationships import (final corrected version)...
[2025-03-07T16:44:41.630Z] Fetching all valid synset IDs from the database...
[2025-03-07T16:44:41.630Z] Fetching synsets from index 0 to 9999...
[2025-03-07T16:44:42.528Z] Fetched 1000 synsets so far...
[2025-03-07T16:44:42.629Z] Fetching synsets from index 1000 to 10999...
[2025-03-07T16:44:42.956Z] Fetched 2000 synsets so far...
[2025-03-07T16:44:43.057Z] Fetching synsets from index 2000 to 11999...
[2025-03-07T16:44:43.435Z] Fetched 3000 synsets so far...
[2025-03-07T16:44:43.536Z] Fetching synsets from index 3000 to 12999...
[2025-03-07T16:44:43.818Z] Fetched 4000 synsets so far...
[2025-03-07T16:44:43.920Z] Fetching synsets from index 4000 to 13999...
[2025-03-07T16:44:44.199Z] Fetched 5000 synsets so far...
[2025-03-07T16:44:44.301Z] Fetching synsets from index 5000 to 14999...
[2025-03-07T16:44:44.581Z] Fetched 6000 synsets so far...
[2025-03-07T16:44:44.682Z] Fetching synsets from index 6000 to 15999...
[2025-03-07T16:44:44.973Z] Fetched 7000 synsets so far...
[2025-03-07T16:44:45.074Z] Fetching synsets from index 7000 to 16999...
[2025-03-07T16:44:45.381Z] Fetched 8000 synsets so far...
[2025-03-07T16:44:45.483Z] Fetching synsets from index 8000 to 17999...
[2025-03-07T16:44:45.760Z] Fetched 9000 synsets so far...
[2025-03-07T16:44:45.862Z] Fetching synsets from index 9000 to 18999...
[2025-03-07T16:44:46.146Z] Fetched 10000 synsets so far...
[2025-03-07T16:44:46.248Z] Fetching synsets from index 10000 to 19999...
[2025-03-07T16:44:46.527Z] Fetched 11000 synsets so far...
[2025-03-07T16:44:46.629Z] Fetching synsets from index 11000 to 20999...
[2025-03-07T16:44:46.904Z] Fetched 12000 synsets so far...
[2025-03-07T16:44:47.005Z] Fetching synsets from index 12000 to 21999...
[2025-03-07T16:44:47.277Z] Fetched 13000 synsets so far...
[2025-03-07T16:44:47.378Z] Fetching synsets from index 13000 to 22999...
[2025-03-07T16:44:47.655Z] Fetched 14000 synsets so far...
[2025-03-07T16:44:47.755Z] Fetching synsets from index 14000 to 23999...
[2025-03-07T16:44:48.040Z] Fetched 15000 synsets so far...
[2025-03-07T16:44:48.141Z] Fetching synsets from index 15000 to 24999...
[2025-03-07T16:44:48.453Z] Fetched 16000 synsets so far...
[2025-03-07T16:44:48.554Z] Fetching synsets from index 16000 to 25999...
[2025-03-07T16:44:48.824Z] Fetched 17000 synsets so far...
[2025-03-07T16:44:48.925Z] Fetching synsets from index 17000 to 26999...
[2025-03-07T16:44:49.201Z] Fetched 18000 synsets so far...
[2025-03-07T16:44:49.302Z] Fetching synsets from index 18000 to 27999...
[2025-03-07T16:44:49.576Z] Fetched 19000 synsets so far...
[2025-03-07T16:44:49.677Z] Fetching synsets from index 19000 to 28999...
[2025-03-07T16:44:49.948Z] Fetched 20000 synsets so far...
[2025-03-07T16:44:50.050Z] Fetching synsets from index 20000 to 29999...
[2025-03-07T16:44:50.327Z] Fetched 21000 synsets so far...
[2025-03-07T16:44:50.428Z] Fetching synsets from index 21000 to 30999...
[2025-03-07T16:44:50.708Z] Fetched 22000 synsets so far...
[2025-03-07T16:44:50.809Z] Fetching synsets from index 22000 to 31999...
[2025-03-07T16:44:51.111Z] Fetched 23000 synsets so far...
[2025-03-07T16:44:51.211Z] Fetching synsets from index 23000 to 32999...
[2025-03-07T16:44:51.487Z] Fetched 24000 synsets so far...
[2025-03-07T16:44:51.588Z] Fetching synsets from index 24000 to 33999...
[2025-03-07T16:44:51.929Z] Fetched 25000 synsets so far...
[2025-03-07T16:44:52.031Z] Fetching synsets from index 25000 to 34999...
[2025-03-07T16:44:52.304Z] Fetched 26000 synsets so far...
[2025-03-07T16:44:52.405Z] Fetching synsets from index 26000 to 35999...
[2025-03-07T16:44:52.678Z] Fetched 27000 synsets so far...
[2025-03-07T16:44:52.779Z] Fetching synsets from index 27000 to 36999...
[2025-03-07T16:44:53.113Z] Fetched 28000 synsets so far...
[2025-03-07T16:44:53.214Z] Fetching synsets from index 28000 to 37999...
[2025-03-07T16:44:53.570Z] Fetched 29000 synsets so far...
[2025-03-07T16:44:53.672Z] Fetching synsets from index 29000 to 38999...
[2025-03-07T16:44:53.977Z] Fetched 30000 synsets so far...
[2025-03-07T16:44:54.078Z] Fetching synsets from index 30000 to 39999...
[2025-03-07T16:44:54.387Z] Fetched 31000 synsets so far...
[2025-03-07T16:44:54.488Z] Fetching synsets from index 31000 to 40999...
[2025-03-07T16:44:54.764Z] Fetched 32000 synsets so far...
[2025-03-07T16:44:54.865Z] Fetching synsets from index 32000 to 41999...
[2025-03-07T16:44:55.150Z] Fetched 33000 synsets so far...
[2025-03-07T16:44:55.251Z] Fetching synsets from index 33000 to 42999...
[2025-03-07T16:44:55.528Z] Fetched 34000 synsets so far...
[2025-03-07T16:44:55.629Z] Fetching synsets from index 34000 to 43999...
[2025-03-07T16:44:55.907Z] Fetched 35000 synsets so far...
[2025-03-07T16:44:56.009Z] Fetching synsets from index 35000 to 44999...
[2025-03-07T16:44:56.293Z] Fetched 36000 synsets so far...
[2025-03-07T16:44:56.394Z] Fetching synsets from index 36000 to 45999...
[2025-03-07T16:44:56.681Z] Fetched 37000 synsets so far...
[2025-03-07T16:44:56.782Z] Fetching synsets from index 37000 to 46999...
[2025-03-07T16:44:57.074Z] Fetched 38000 synsets so far...
[2025-03-07T16:44:57.175Z] Fetching synsets from index 38000 to 47999...
[2025-03-07T16:44:57.463Z] Fetched 39000 synsets so far...
[2025-03-07T16:44:57.564Z] Fetching synsets from index 39000 to 48999...
[2025-03-07T16:44:57.851Z] Fetched 40000 synsets so far...
[2025-03-07T16:44:57.952Z] Fetching synsets from index 40000 to 49999...
[2025-03-07T16:44:58.232Z] Fetched 41000 synsets so far...
[2025-03-07T16:44:58.333Z] Fetching synsets from index 41000 to 50999...
[2025-03-07T16:44:58.611Z] Fetched 42000 synsets so far...
[2025-03-07T16:44:58.712Z] Fetching synsets from index 42000 to 51999...
[2025-03-07T16:44:59.000Z] Fetched 43000 synsets so far...
[2025-03-07T16:44:59.102Z] Fetching synsets from index 43000 to 52999...
[2025-03-07T16:44:59.410Z] Fetched 44000 synsets so far...
[2025-03-07T16:44:59.511Z] Fetching synsets from index 44000 to 53999...
[2025-03-07T16:44:59.795Z] Fetched 45000 synsets so far...
[2025-03-07T16:44:59.896Z] Fetching synsets from index 45000 to 54999...
[2025-03-07T16:45:00.180Z] Fetched 46000 synsets so far...
[2025-03-07T16:45:00.282Z] Fetching synsets from index 46000 to 55999...
[2025-03-07T16:45:00.640Z] Fetched 47000 synsets so far...
[2025-03-07T16:45:00.742Z] Fetching synsets from index 47000 to 56999...
[2025-03-07T16:45:01.048Z] Fetched 48000 synsets so far...
[2025-03-07T16:45:01.150Z] Fetching synsets from index 48000 to 57999...
[2025-03-07T16:45:01.452Z] Fetched 49000 synsets so far...
[2025-03-07T16:45:01.553Z] Fetching synsets from index 49000 to 58999...
[2025-03-07T16:45:01.862Z] Fetched 50000 synsets so far...
[2025-03-07T16:45:01.963Z] Fetching synsets from index 50000 to 59999...
[2025-03-07T16:45:02.271Z] Fetched 51000 synsets so far...
[2025-03-07T16:45:02.373Z] Fetching synsets from index 51000 to 60999...
[2025-03-07T16:45:02.745Z] Fetched 52000 synsets so far...
[2025-03-07T16:45:02.847Z] Fetching synsets from index 52000 to 61999...
[2025-03-07T16:45:03.296Z] Fetched 53000 synsets so far...
[2025-03-07T16:45:03.397Z] Fetching synsets from index 53000 to 62999...
[2025-03-07T16:45:03.705Z] Fetched 54000 synsets so far...
[2025-03-07T16:45:03.806Z] Fetching synsets from index 54000 to 63999...
[2025-03-07T16:45:04.116Z] Fetched 55000 synsets so far...
[2025-03-07T16:45:04.217Z] Fetching synsets from index 55000 to 64999...
[2025-03-07T16:45:04.525Z] Fetched 56000 synsets so far...
[2025-03-07T16:45:04.626Z] Fetching synsets from index 56000 to 65999...
[2025-03-07T16:45:04.934Z] Fetched 57000 synsets so far...
[2025-03-07T16:45:05.035Z] Fetching synsets from index 57000 to 66999...
[2025-03-07T16:45:05.344Z] Fetched 58000 synsets so far...
[2025-03-07T16:45:05.445Z] Fetching synsets from index 58000 to 67999...
[2025-03-07T16:45:05.754Z] Fetched 59000 synsets so far...
[2025-03-07T16:45:05.855Z] Fetching synsets from index 59000 to 68999...
[2025-03-07T16:45:06.163Z] Fetched 60000 synsets so far...
[2025-03-07T16:45:06.266Z] Fetching synsets from index 60000 to 69999...
[2025-03-07T16:45:06.573Z] Fetched 61000 synsets so far...
[2025-03-07T16:45:06.673Z] Fetching synsets from index 61000 to 70999...
[2025-03-07T16:45:06.982Z] Fetched 62000 synsets so far...
[2025-03-07T16:45:07.083Z] Fetching synsets from index 62000 to 71999...
[2025-03-07T16:45:07.392Z] Fetched 63000 synsets so far...
[2025-03-07T16:45:07.493Z] Fetching synsets from index 63000 to 72999...
[2025-03-07T16:45:07.801Z] Fetched 64000 synsets so far...
[2025-03-07T16:45:07.902Z] Fetching synsets from index 64000 to 73999...
[2025-03-07T16:45:08.211Z] Fetched 65000 synsets so far...
[2025-03-07T16:45:08.312Z] Fetching synsets from index 65000 to 74999...
[2025-03-07T16:45:08.604Z] Fetched 66000 synsets so far...
[2025-03-07T16:45:08.705Z] Fetching synsets from index 66000 to 75999...
[2025-03-07T16:45:08.981Z] Fetched 67000 synsets so far...
[2025-03-07T16:45:09.082Z] Fetching synsets from index 67000 to 76999...
[2025-03-07T16:45:09.363Z] Fetched 68000 synsets so far...
[2025-03-07T16:45:09.465Z] Fetching synsets from index 68000 to 77999...
[2025-03-07T16:45:09.745Z] Fetched 69000 synsets so far...
[2025-03-07T16:45:09.847Z] Fetching synsets from index 69000 to 78999...
[2025-03-07T16:45:10.120Z] Fetched 70000 synsets so far...
[2025-03-07T16:45:10.221Z] Fetching synsets from index 70000 to 79999...
[2025-03-07T16:45:10.499Z] Fetched 71000 synsets so far...
[2025-03-07T16:45:10.601Z] Fetching synsets from index 71000 to 80999...
[2025-03-07T16:45:10.874Z] Fetched 72000 synsets so far...
[2025-03-07T16:45:10.975Z] Fetching synsets from index 72000 to 81999...
[2025-03-07T16:45:11.250Z] Fetched 73000 synsets so far...
[2025-03-07T16:45:11.352Z] Fetching synsets from index 73000 to 82999...
[2025-03-07T16:45:11.695Z] Fetched 74000 synsets so far...
[2025-03-07T16:45:11.797Z] Fetching synsets from index 74000 to 83999...
[2025-03-07T16:45:12.206Z] Fetched 75000 synsets so far...
[2025-03-07T16:45:12.306Z] Fetching synsets from index 75000 to 84999...
[2025-03-07T16:45:12.614Z] Fetched 76000 synsets so far...
[2025-03-07T16:45:12.715Z] Fetching synsets from index 76000 to 85999...
[2025-03-07T16:45:13.030Z] Fetched 77000 synsets so far...
[2025-03-07T16:45:13.132Z] Fetching synsets from index 77000 to 86999...
[2025-03-07T16:45:13.433Z] Fetched 78000 synsets so far...
[2025-03-07T16:45:13.534Z] Fetching synsets from index 78000 to 87999...
[2025-03-07T16:45:13.843Z] Fetched 79000 synsets so far...
[2025-03-07T16:45:13.944Z] Fetching synsets from index 79000 to 88999...
[2025-03-07T16:45:14.253Z] Fetched 80000 synsets so far...
[2025-03-07T16:45:14.354Z] Fetching synsets from index 80000 to 89999...
[2025-03-07T16:45:14.631Z] Fetched 81000 synsets so far...
[2025-03-07T16:45:14.732Z] Fetching synsets from index 81000 to 90999...
[2025-03-07T16:45:15.074Z] Fetched 82000 synsets so far...
[2025-03-07T16:45:15.175Z] Fetching synsets from index 82000 to 91999...
[2025-03-07T16:45:15.481Z] Fetched 83000 synsets so far...
[2025-03-07T16:45:15.582Z] Fetching synsets from index 83000 to 92999...
[2025-03-07T16:45:15.891Z] Fetched 84000 synsets so far...
[2025-03-07T16:45:15.992Z] Fetching synsets from index 84000 to 93999...
[2025-03-07T16:45:16.300Z] Fetched 85000 synsets so far...
[2025-03-07T16:45:16.402Z] Fetching synsets from index 85000 to 94999...
[2025-03-07T16:45:16.677Z] Fetched 86000 synsets so far...
[2025-03-07T16:45:16.777Z] Fetching synsets from index 86000 to 95999...
[2025-03-07T16:45:17.065Z] Fetched 87000 synsets so far...
[2025-03-07T16:45:17.166Z] Fetching synsets from index 87000 to 96999...
[2025-03-07T16:45:17.445Z] Fetched 88000 synsets so far...
[2025-03-07T16:45:17.545Z] Fetching synsets from index 88000 to 97999...
[2025-03-07T16:45:17.826Z] Fetched 89000 synsets so far...
[2025-03-07T16:45:17.928Z] Fetching synsets from index 89000 to 98999...
[2025-03-07T16:45:18.219Z] Fetched 90000 synsets so far...
[2025-03-07T16:45:18.321Z] Fetching synsets from index 90000 to 99999...
[2025-03-07T16:45:18.600Z] Fetched 91000 synsets so far...
[2025-03-07T16:45:18.702Z] Fetching synsets from index 91000 to 100999...
[2025-03-07T16:45:18.981Z] Fetched 92000 synsets so far...
[2025-03-07T16:45:19.083Z] Fetching synsets from index 92000 to 101999...
[2025-03-07T16:45:19.366Z] Fetched 93000 synsets so far...
[2025-03-07T16:45:19.467Z] Fetching synsets from index 93000 to 102999...
[2025-03-07T16:45:19.747Z] Fetched 94000 synsets so far...
[2025-03-07T16:45:19.849Z] Fetching synsets from index 94000 to 103999...
[2025-03-07T16:45:20.129Z] Fetched 95000 synsets so far...
[2025-03-07T16:45:20.230Z] Fetching synsets from index 95000 to 104999...
[2025-03-07T16:45:20.509Z] Fetched 96000 synsets so far...
[2025-03-07T16:45:20.609Z] Fetching synsets from index 96000 to 105999...
[2025-03-07T16:45:20.913Z] Fetched 97000 synsets so far...
[2025-03-07T16:45:21.014Z] Fetching synsets from index 97000 to 106999...
[2025-03-07T16:45:21.293Z] Fetched 98000 synsets so far...
[2025-03-07T16:45:21.394Z] Fetching synsets from index 98000 to 107999...
[2025-03-07T16:45:21.675Z] Fetched 99000 synsets so far...
[2025-03-07T16:45:21.775Z] Fetching synsets from index 99000 to 108999...
[2025-03-07T16:45:22.054Z] Fetched 100000 synsets so far...
[2025-03-07T16:45:22.156Z] Fetching synsets from index 100000 to 109999...
[2025-03-07T16:45:22.551Z] Fetched 101000 synsets so far...
[2025-03-07T16:45:22.652Z] Fetching synsets from index 101000 to 110999...
[2025-03-07T16:45:22.946Z] Fetched 102000 synsets so far...
[2025-03-07T16:45:23.047Z] Fetching synsets from index 102000 to 111999...
[2025-03-07T16:45:23.333Z] Fetched 103000 synsets so far...
[2025-03-07T16:45:23.433Z] Fetching synsets from index 103000 to 112999...
[2025-03-07T16:45:23.777Z] Fetched 104000 synsets so far...
[2025-03-07T16:45:23.879Z] Fetching synsets from index 104000 to 113999...
[2025-03-07T16:45:24.157Z] Fetched 105000 synsets so far...
[2025-03-07T16:45:24.259Z] Fetching synsets from index 105000 to 114999...
[2025-03-07T16:45:24.542Z] Fetched 106000 synsets so far...
[2025-03-07T16:45:24.643Z] Fetching synsets from index 106000 to 115999...
[2025-03-07T16:45:25.006Z] Fetched 107000 synsets so far...
[2025-03-07T16:45:25.108Z] Fetching synsets from index 107000 to 116999...
[2025-03-07T16:45:25.391Z] Fetched 108000 synsets so far...
[2025-03-07T16:45:25.493Z] Fetching synsets from index 108000 to 117999...
[2025-03-07T16:45:25.775Z] Fetched 109000 synsets so far...
[2025-03-07T16:45:25.877Z] Fetching synsets from index 109000 to 118999...
[2025-03-07T16:45:26.236Z] Fetched 110000 synsets so far...
[2025-03-07T16:45:26.338Z] Fetching synsets from index 110000 to 119999...
[2025-03-07T16:45:26.619Z] Fetched 111000 synsets so far...
[2025-03-07T16:45:26.720Z] Fetching synsets from index 111000 to 120999...
[2025-03-07T16:45:27.004Z] Fetched 112000 synsets so far...
[2025-03-07T16:45:27.105Z] Fetching synsets from index 112000 to 121999...
[2025-03-07T16:45:27.462Z] Fetched 113000 synsets so far...
[2025-03-07T16:45:27.564Z] Fetching synsets from index 113000 to 122999...
[2025-03-07T16:45:27.852Z] Fetched 114000 synsets so far...
[2025-03-07T16:45:27.953Z] Fetching synsets from index 114000 to 123999...
[2025-03-07T16:45:28.245Z] Fetched 115000 synsets so far...
[2025-03-07T16:45:28.346Z] Fetching synsets from index 115000 to 124999...
[2025-03-07T16:45:28.694Z] Fetched 116000 synsets so far...
[2025-03-07T16:45:28.795Z] Fetching synsets from index 116000 to 125999...
[2025-03-07T16:45:29.077Z] Fetched 117000 synsets so far...
[2025-03-07T16:45:29.177Z] Fetching synsets from index 117000 to 126999...
[2025-03-07T16:45:29.465Z] Fetched 117791 synsets so far...
[2025-03-07T16:45:29.566Z] Fetching synsets from index 117791 to 127790...
[2025-03-07T16:45:29.920Z] Fetched 117791 valid synset IDs.
[2025-03-07T16:45:29.920Z] Ready to import relationships with 117791 valid synsets.
[2025-03-07T16:45:29.920Z] Clearing relationships table...
[2025-03-07T16:45:30.197Z] Relationships table cleared successfully.
[2025-03-07T16:45:30.197Z] Processing noun data file...
[2025-03-07T16:45:30.198Z] Processing data.noun...
[2025-03-07T16:45:30.216Z] Inserting batch of 4766 relationships...
[2025-03-07T16:45:31.991Z] Successfully inserted 4766 relationships
[2025-03-07T16:45:31.998Z] Inserting batch of 4666 relationships...
[2025-03-07T16:45:33.554Z] Successfully inserted 4666 relationships
[2025-03-07T16:45:33.560Z] Inserting batch of 4852 relationships...
[2025-03-07T16:45:35.507Z] Successfully inserted 4852 relationships
[2025-03-07T16:45:35.514Z] Inserting batch of 4754 relationships...
[2025-03-07T16:45:36.503Z] Successfully inserted 4754 relationships
[2025-03-07T16:45:36.511Z] Inserting batch of 4748 relationships...
[2025-03-07T16:45:37.392Z] Successfully inserted 4748 relationships
[2025-03-07T16:45:37.397Z] Inserting batch of 4975 relationships...
[2025-03-07T16:45:38.237Z] Successfully inserted 4975 relationships
[2025-03-07T16:45:38.242Z] Inserting batch of 4994 relationships...
[2025-03-07T16:45:39.038Z] Successfully inserted 4994 relationships
[2025-03-07T16:45:39.040Z] Processed 10000 lines in data.noun
[2025-03-07T16:45:39.043Z] Inserting batch of 4997 relationships...
[2025-03-07T16:45:40.569Z] Successfully inserted 4997 relationships
[2025-03-07T16:45:40.575Z] Inserting batch of 4996 relationships...
[2025-03-07T16:45:41.491Z] Successfully inserted 4996 relationships
[2025-03-07T16:45:41.497Z] Inserting batch of 4992 relationships...
[2025-03-07T16:45:42.310Z] Successfully inserted 4992 relationships
[2025-03-07T16:45:42.316Z] Inserting batch of 4946 relationships...
[2025-03-07T16:45:43.131Z] Successfully inserted 4946 relationships
[2025-03-07T16:45:43.139Z] Inserting batch of 4939 relationships...
[2025-03-07T16:45:43.899Z] Successfully inserted 4939 relationships
[2025-03-07T16:45:43.907Z] Inserting batch of 4954 relationships...
[2025-03-07T16:45:44.665Z] Successfully inserted 4954 relationships
[2025-03-07T16:45:44.667Z] Processed 20000 lines in data.noun
[2025-03-07T16:45:44.672Z] Inserting batch of 4932 relationships...
[2025-03-07T16:45:45.430Z] Successfully inserted 4932 relationships
[2025-03-07T16:45:45.441Z] Inserting batch of 4952 relationships...
[2025-03-07T16:45:46.202Z] Successfully inserted 4952 relationships
[2025-03-07T16:45:46.208Z] Inserting batch of 4955 relationships...
[2025-03-07T16:45:47.026Z] Successfully inserted 4955 relationships
[2025-03-07T16:45:47.034Z] Inserting batch of 4880 relationships...
[2025-03-07T16:45:47.846Z] Successfully inserted 4880 relationships
[2025-03-07T16:45:47.854Z] Inserting batch of 4800 relationships...
[2025-03-07T16:45:48.660Z] Successfully inserted 4800 relationships
[2025-03-07T16:45:48.668Z] Inserting batch of 4881 relationships...
[2025-03-07T16:45:49.480Z] Successfully inserted 4881 relationships
[2025-03-07T16:45:49.482Z] Processed 30000 lines in data.noun
[2025-03-07T16:45:49.488Z] Inserting batch of 4949 relationships...
[2025-03-07T16:45:50.232Z] Successfully inserted 4949 relationships
[2025-03-07T16:45:50.240Z] Inserting batch of 4806 relationships...
[2025-03-07T16:45:51.016Z] Successfully inserted 4806 relationships
[2025-03-07T16:45:51.024Z] Inserting batch of 4866 relationships...
[2025-03-07T16:45:51.939Z] Successfully inserted 4866 relationships
[2025-03-07T16:45:51.947Z] Inserting batch of 4894 relationships...
[2025-03-07T16:45:52.756Z] Successfully inserted 4894 relationships
[2025-03-07T16:45:52.763Z] Inserting batch of 4850 relationships...
[2025-03-07T16:45:53.576Z] Successfully inserted 4850 relationships
[2025-03-07T16:45:53.583Z] Inserting batch of 4849 relationships...
[2025-03-07T16:45:54.396Z] Successfully inserted 4849 relationships
[2025-03-07T16:45:54.401Z] Processed 40000 lines in data.noun
[2025-03-07T16:45:54.403Z] Inserting batch of 4736 relationships...
[2025-03-07T16:45:55.214Z] Successfully inserted 4736 relationships
[2025-03-07T16:45:55.222Z] Inserting batch of 4879 relationships...
[2025-03-07T16:45:56.035Z] Successfully inserted 4879 relationships
[2025-03-07T16:45:56.042Z] Inserting batch of 4969 relationships...
[2025-03-07T16:45:56.835Z] Successfully inserted 4969 relationships
[2025-03-07T16:45:56.840Z] Inserting batch of 4977 relationships...
[2025-03-07T16:45:57.671Z] Successfully inserted 4977 relationships
[2025-03-07T16:45:57.677Z] Inserting batch of 4967 relationships...
[2025-03-07T16:45:58.490Z] Successfully inserted 4967 relationships
[2025-03-07T16:45:58.496Z] Inserting batch of 4973 relationships...
[2025-03-07T16:45:59.309Z] Successfully inserted 4973 relationships
[2025-03-07T16:45:59.314Z] Processed 50000 lines in data.noun
[2025-03-07T16:45:59.316Z] Inserting batch of 4977 relationships...
[2025-03-07T16:46:00.130Z] Successfully inserted 4977 relationships
[2025-03-07T16:46:00.137Z] Inserting batch of 4944 relationships...
[2025-03-07T16:46:00.947Z] Successfully inserted 4944 relationships
[2025-03-07T16:46:00.954Z] Inserting batch of 4837 relationships...
[2025-03-07T16:46:01.767Z] Successfully inserted 4837 relationships
[2025-03-07T16:46:01.773Z] Inserting batch of 4823 relationships...
[2025-03-07T16:46:02.586Z] Successfully inserted 4823 relationships
[2025-03-07T16:46:02.592Z] Inserting batch of 4832 relationships...
[2025-03-07T16:46:03.405Z] Successfully inserted 4832 relationships
[2025-03-07T16:46:03.413Z] Processed 60000 lines in data.noun
[2025-03-07T16:46:03.418Z] Inserting batch of 4844 relationships...
[2025-03-07T16:46:04.227Z] Successfully inserted 4844 relationships
[2025-03-07T16:46:04.233Z] Inserting batch of 4981 relationships...
[2025-03-07T16:46:05.045Z] Successfully inserted 4981 relationships
[2025-03-07T16:46:05.053Z] Inserting batch of 4999 relationships...
[2025-03-07T16:46:05.765Z] Successfully inserted 4999 relationships
[2025-03-07T16:46:05.771Z] Inserting batch of 5000 relationships...
[2025-03-07T16:46:06.687Z] Successfully inserted 5000 relationships
[2025-03-07T16:46:06.695Z] Inserting batch of 5000 relationships...
[2025-03-07T16:46:07.503Z] Successfully inserted 5000 relationships
[2025-03-07T16:46:07.511Z] Inserting batch of 4999 relationships...
[2025-03-07T16:46:08.323Z] Successfully inserted 4999 relationships
[2025-03-07T16:46:08.323Z] Processed 70000 lines in data.noun
[2025-03-07T16:46:08.330Z] Inserting batch of 4972 relationships...
[2025-03-07T16:46:09.140Z] Successfully inserted 4972 relationships
[2025-03-07T16:46:09.145Z] Inserting batch of 4827 relationships...
[2025-03-07T16:46:09.959Z] Successfully inserted 4827 relationships
[2025-03-07T16:46:09.964Z] Inserting batch of 4913 relationships...
[2025-03-07T16:46:10.881Z] Successfully inserted 4913 relationships
[2025-03-07T16:46:10.886Z] Inserting batch of 4908 relationships...
[2025-03-07T16:46:11.638Z] Successfully inserted 4908 relationships
[2025-03-07T16:46:11.647Z] Inserting batch of 4852 relationships...
[2025-03-07T16:46:12.419Z] Successfully inserted 4852 relationships
[2025-03-07T16:46:12.425Z] Processed 80000 lines in data.noun
[2025-03-07T16:46:12.429Z] Inserting batch of 4942 relationships...
[2025-03-07T16:46:13.544Z] Successfully inserted 4942 relationships
[2025-03-07T16:46:13.551Z] Inserting batch of 4639 relationships...
[2025-03-07T16:46:14.248Z] Successfully inserted 4639 relationships
[2025-03-07T16:46:14.249Z] Found and processed 244668 relationships in data.noun (82221 lines)
[2025-03-07T16:46:14.249Z] Processing verb data file...
[2025-03-07T16:46:14.249Z] Processing data.verb...
[2025-03-07T16:46:14.266Z] Inserting batch of 4719 relationships...
[2025-03-07T16:46:14.963Z] Successfully inserted 4719 relationships
[2025-03-07T16:46:14.971Z] Inserting batch of 4604 relationships...
[2025-03-07T16:46:15.661Z] Successfully inserted 4604 relationships
[2025-03-07T16:46:15.669Z] Inserting batch of 4672 relationships...
[2025-03-07T16:46:16.412Z] Successfully inserted 4672 relationships
[2025-03-07T16:46:16.419Z] Inserting batch of 4601 relationships...
[2025-03-07T16:46:17.334Z] Successfully inserted 4601 relationships
[2025-03-07T16:46:17.342Z] Inserting batch of 4753 relationships...
[2025-03-07T16:46:18.064Z] Successfully inserted 4753 relationships
[2025-03-07T16:46:18.073Z] Inserting batch of 4738 relationships...
[2025-03-07T16:46:18.774Z] Successfully inserted 4738 relationships
[2025-03-07T16:46:18.779Z] Inserting batch of 4714 relationships...
[2025-03-07T16:46:19.483Z] Successfully inserted 4714 relationships
[2025-03-07T16:46:19.486Z] Processed 10000 lines in data.verb
[2025-03-07T16:46:19.488Z] Inserting batch of 4727 relationships...
[2025-03-07T16:46:20.302Z] Successfully inserted 4727 relationships
[2025-03-07T16:46:20.307Z] Inserting batch of 4722 relationships...
[2025-03-07T16:46:21.120Z] Successfully inserted 4722 relationships
[2025-03-07T16:46:21.126Z] Inserting batch of 4657 relationships...
[2025-03-07T16:46:21.837Z] Successfully inserted 4657 relationships
[2025-03-07T16:46:21.841Z] Inserting batch of 3159 relationships...
[2025-03-07T16:46:22.554Z] Successfully inserted 3159 relationships
[2025-03-07T16:46:22.554Z] Found and processed 53336 relationships in data.verb (13818 lines)
[2025-03-07T16:46:22.554Z] Processing adjective data file...
[2025-03-07T16:46:22.554Z] Processing data.adj...
[2025-03-07T16:46:22.567Z] Inserting batch of 4576 relationships...
[2025-03-07T16:46:23.309Z] Successfully inserted 4576 relationships
[2025-03-07T16:46:23.320Z] Inserting batch of 4538 relationships...
[2025-03-07T16:46:24.033Z] Successfully inserted 4538 relationships
[2025-03-07T16:46:24.041Z] Processed 10000 lines in data.adj
[2025-03-07T16:46:24.045Z] Inserting batch of 4629 relationships...
[2025-03-07T16:46:24.754Z] Successfully inserted 4629 relationships
[2025-03-07T16:46:24.763Z] Inserting batch of 4426 relationships...
[2025-03-07T16:46:25.526Z] Successfully inserted 4426 relationships
[2025-03-07T16:46:25.540Z] Inserting batch of 4125 relationships...
[2025-03-07T16:46:26.229Z] Successfully inserted 4125 relationships
[2025-03-07T16:46:26.236Z] Inserting batch of 2343 relationships...
[2025-03-07T16:46:26.755Z] Successfully inserted 2343 relationships
[2025-03-07T16:46:26.756Z] Found and processed 27822 relationships in data.adj (18214 lines)
[2025-03-07T16:46:26.756Z] Processing adverb data file...
[2025-03-07T16:46:26.756Z] Processing data.adv...
[2025-03-07T16:46:26.768Z] Inserting batch of 1965 relationships...
[2025-03-07T16:46:27.368Z] Successfully inserted 1965 relationships
[2025-03-07T16:46:27.368Z] Found and processed 2062 relationships in data.adv (3654 lines)
[2025-03-07T16:46:27.368Z] 
Relationship import summary:
[2025-03-07T16:46:27.368Z] - noun relationships: 244668
[2025-03-07T16:46:27.368Z] - verb relationships: 53336
[2025-03-07T16:46:27.368Z] - adjective relationships: 27822
[2025-03-07T16:46:27.368Z] - adverb relationships: 2062
[2025-03-07T16:46:27.368Z] 
Total relationships imported: 327888
[2025-03-07T16:46:27.368Z] WordNet relationships import completed successfully!
